# JRE version: OpenJDK Runtime Environment (8.0_202-b03) (build 1.8.0_202-release-1483-b03)
# Java VM: OpenJDK 64-Bit Server VM (25.202-b03 mixed mode windows-amd64 compressed oops)
Heap:
 PSYoungGen      total 56832K, used 26248K [0x00000000e0000000, 0x00000000e6500000, 0x0000000100000000)
  eden space 49152K, 41% used [0x00000000e0000000,0x00000000e13d0f48,0x00000000e3000000)
  from space 7680K, 77% used [0x00000000e3000000,0x00000000e35d11d8,0x00000000e3780000)
  to   space 12800K, 0% used [0x00000000e5880000,0x00000000e5880000,0x00000000e6500000)
 ParOldGen       total 84992K, used 10656K [0x00000000a0000000, 0x00000000a5300000, 0x00000000e0000000)
  object space 84992K, 12% used [0x00000000a0000000,0x00000000a0a68368,0x00000000a5300000)
 Metaspace       used 28565K, capacity 29160K, committed 29312K, reserved 1075200K
  class space    used 3954K, capacity 4125K, committed 4224K, reserved 1048576K
GC Heap History (10 events):
Event: 14.798 GC heap before
{Heap before GC invocations=2 (full 0):
 PSYoungGen      total 56832K, used 54316K [0x00000000e0000000, 0x00000000e3f00000, 0x0000000100000000)
  eden space 49152K, 100% used [0x00000000e0000000,0x00000000e3000000,0x00000000e3000000)
  from space 7680K, 67% used [0x00000000e3000000,0x00000000e350b360,0x00000000e3780000)
  to   space 7680K, 0% used [0x00000000e3780000,0x00000000e3780000,0x00000000e3f00000)
 ParOldGen       total 130048K, used 16K [0x00000000a0000000, 0x00000000a7f00000, 0x00000000e0000000)
  object space 130048K, 0% used [0x00000000a0000000,0x00000000a0004000,0x00000000a7f00000)
 Metaspace       used 12826K, capacity 13230K, committed 13440K, reserved 1060864K
  class space    used 1758K, capacity 1899K, committed 1920K, reserved 1048576K
Event: 14.807 GC heap after
Heap after GC invocations=2 (full 0):
 PSYoungGen      total 56832K, used 7297K [0x00000000e0000000, 0x00000000e3f00000, 0x0000000100000000)
  eden space 49152K, 0% used [0x00000000e0000000,0x00000000e0000000,0x00000000e3000000)
  from space 7680K, 95% used [0x00000000e3780000,0x00000000e3ea0620,0x00000000e3f00000)
  to   space 7680K, 0% used [0x00000000e3000000,0x00000000e3000000,0x00000000e3780000)
 ParOldGen       total 130048K, used 24K [0x00000000a0000000, 0x00000000a7f00000, 0x00000000e0000000)
  object space 130048K, 0% used [0x00000000a0000000,0x00000000a0006000,0x00000000a7f00000)
 Metaspace       used 12826K, capacity 13230K, committed 13440K, reserved 1060864K
  class space    used 1758K, capacity 1899K, committed 1920K, reserved 1048576K
}
Event: 16.188 GC heap before
{Heap before GC invocations=3 (full 0):
 PSYoungGen      total 56832K, used 56449K [0x00000000e0000000, 0x00000000e3f00000, 0x0000000100000000)
  eden space 49152K, 100% used [0x00000000e0000000,0x00000000e3000000,0x00000000e3000000)
  from space 7680K, 95% used [0x00000000e3780000,0x00000000e3ea0620,0x00000000e3f00000)
  to   space 7680K, 0% used [0x00000000e3000000,0x00000000e3000000,0x00000000e3780000)
 ParOldGen       total 130048K, used 24K [0x00000000a0000000, 0x00000000a7f00000, 0x00000000e0000000)
  object space 130048K, 0% used [0x00000000a0000000,0x00000000a0006000,0x00000000a7f00000)
 Metaspace       used 16992K, capacity 17444K, committed 17792K, reserved 1064960K
  class space    used 2452K, capacity 2584K, committed 2688K, reserved 1048576K
Event: 16.205 GC heap after
Heap after GC invocations=3 (full 0):
 PSYoungGen      total 56832K, used 7662K [0x00000000e0000000, 0x00000000e3f00000, 0x0000000100000000)
  eden space 49152K, 0% used [0x00000000e0000000,0x00000000e0000000,0x00000000e3000000)
  from space 7680K, 99% used [0x00000000e3000000,0x00000000e377b970,0x00000000e3780000)
  to   space 7680K, 0% used [0x00000000e3780000,0x00000000e3780000,0x00000000e3f00000)
 ParOldGen       total 130048K, used 2138K [0x00000000a0000000, 0x00000000a7f00000, 0x00000000e0000000)
  object space 130048K, 1% used [0x00000000a0000000,0x00000000a0216a00,0x00000000a7f00000)
 Metaspace       used 16992K, capacity 17444K, committed 17792K, reserved 1064960K
  class space    used 2452K, capacity 2584K, committed 2688K, reserved 1048576K
}
Event: 17.371 GC heap before
{Heap before GC invocations=4 (full 0):
 PSYoungGen      total 56832K, used 43907K [0x00000000e0000000, 0x00000000e3f00000, 0x0000000100000000)
  eden space 49152K, 73% used [0x00000000e0000000,0x00000000e23655d0,0x00000000e3000000)
  from space 7680K, 99% used [0x00000000e3000000,0x00000000e377b970,0x00000000e3780000)
  to   space 7680K, 0% used [0x00000000e3780000,0x00000000e3780000,0x00000000e3f00000)
 ParOldGen       total 130048K, used 2138K [0x00000000a0000000, 0x00000000a7f00000, 0x00000000e0000000)
  object space 130048K, 1% used [0x00000000a0000000,0x00000000a0216a00,0x00000000a7f00000)
 Metaspace       used 20715K, capacity 21152K, committed 21296K, reserved 1067008K
  class space    used 2965K, capacity 3123K, committed 3200K, reserved 1048576K
Event: 17.390 GC heap after
Heap after GC invocations=4 (full 0):
 PSYoungGen      total 56832K, used 7676K [0x00000000e0000000, 0x00000000e3f00000, 0x0000000100000000)
  eden space 49152K, 0% used [0x00000000e0000000,0x00000000e0000000,0x00000000e3000000)
  from space 7680K, 99% used [0x00000000e3780000,0x00000000e3eff0d8,0x00000000e3f00000)
  to   space 7680K, 0% used [0x00000000e3000000,0x00000000e3000000,0x00000000e3780000)
 ParOldGen       total 130048K, used 5324K [0x00000000a0000000, 0x00000000a7f00000, 0x00000000e0000000)
  object space 130048K, 4% used [0x00000000a0000000,0x00000000a0533028,0x00000000a7f00000)
 Metaspace       used 20715K, capacity 21152K, committed 21296K, reserved 1067008K
  class space    used 2965K, capacity 3123K, committed 3200K, reserved 1048576K
}
Event: 17.390 GC heap before
{Heap before GC invocations=5 (full 1):
 PSYoungGen      total 56832K, used 7676K [0x00000000e0000000, 0x00000000e3f00000, 0x0000000100000000)
  eden space 49152K, 0% used [0x00000000e0000000,0x00000000e0000000,0x00000000e3000000)
  from space 7680K, 99% used [0x00000000e3780000,0x00000000e3eff0d8,0x00000000e3f00000)
  to   space 7680K, 0% used [0x00000000e3000000,0x00000000e3000000,0x00000000e3780000)
 ParOldGen       total 130048K, used 5324K [0x00000000a0000000, 0x00000000a7f00000, 0x00000000e0000000)
  object space 130048K, 4% used [0x00000000a0000000,0x00000000a0533028,0x00000000a7f00000)
 Metaspace       used 20715K, capacity 21152K, committed 21296K, reserved 1067008K
  class space    used 2965K, capacity 3123K, committed 3200K, reserved 1048576K
Event: 17.489 GC heap after
Heap after GC invocations=5 (full 1):
 PSYoungGen      total 56832K, used 0K [0x00000000e0000000, 0x00000000e3f00000, 0x0000000100000000)
  eden space 49152K, 0% used [0x00000000e0000000,0x00000000e0000000,0x00000000e3000000)
  from space 7680K, 0% used [0x00000000e3780000,0x00000000e3780000,0x00000000e3f00000)
  to   space 7680K, 0% used [0x00000000e3000000,0x00000000e3000000,0x00000000e3780000)
 ParOldGen       total 84992K, used 10648K [0x00000000a0000000, 0x00000000a5300000, 0x00000000e0000000)
  object space 84992K, 12% used [0x00000000a0000000,0x00000000a0a66368,0x00000000a5300000)
 Metaspace       used 20715K, capacity 21152K, committed 21296K, reserved 1067008K
  class space    used 2965K, capacity 3123K, committed 3200K, reserved 1048576K
}
Event: 18.881 GC heap before
{Heap before GC invocations=6 (full 1):
 PSYoungGen      total 56832K, used 49152K [0x00000000e0000000, 0x00000000e3f00000, 0x0000000100000000)
  eden space 49152K, 100% used [0x00000000e0000000,0x00000000e3000000,0x00000000e3000000)
  from space 7680K, 0% used [0x00000000e3780000,0x00000000e3780000,0x00000000e3f00000)
  to   space 7680K, 0% used [0x00000000e3000000,0x00000000e3000000,0x00000000e3780000)
 ParOldGen       total 84992K, used 10648K [0x00000000a0000000, 0x00000000a5300000, 0x00000000e0000000)
  object space 84992K, 12% used [0x00000000a0000000,0x00000000a0a66368,0x00000000a5300000)
 Metaspace       used 26978K, capacity 27452K, committed 27648K, reserved 1073152K
  class space    used 3678K, capacity 3835K, committed 3840K, reserved 1048576K
Event: 18.893 GC heap after
Heap after GC invocations=6 (full 1):
 PSYoungGen      total 56832K, used 5956K [0x00000000e0000000, 0x00000000e6500000, 0x0000000100000000)
  eden space 49152K, 0% used [0x00000000e0000000,0x00000000e0000000,0x00000000e3000000)
  from space 7680K, 77% used [0x00000000e3000000,0x00000000e35d11d8,0x00000000e3780000)
  to   space 12800K, 0% used [0x00000000e5880000,0x00000000e5880000,0x00000000e6500000)
 ParOldGen       total 84992K, used 10656K [0x00000000a0000000, 0x00000000a5300000, 0x00000000e0000000)
  object space 84992K, 12% used [0x00000000a0000000,0x00000000a0a68368,0x00000000a5300000)
 Metaspace       used 26978K, capacity 27452K, committed 27648K, reserved 1073152K
  class space    used 3678K, capacity 3835K, committed 3840K, reserved 1048576K
}

