# JRE version: OpenJDK Runtime Environment (8.0_212-b04) (build 1.8.0_212-release-1586-b04)
# Java VM: OpenJDK 64-Bit Server VM (25.212-b04 mixed mode windows-amd64 compressed oops)
Heap:
 PSYoungGen      total 225792K, used 147456K [0x00000000e0000000, 0x00000000f8a80000, 0x0000000100000000)
  eden space 147456K, 100% used [0x00000000e0000000,0x00000000e9000000,0x00000000e9000000)
  from space 78336K, 0% used [0x00000000efb80000,0x00000000efb80000,0x00000000f4800000)
  to   space 110080K, 0% used [0x00000000e9000000,0x00000000e9000000,0x00000000efb80000)
 ParOldGen       total 202240K, used 201997K [0x00000000a0000000, 0x00000000ac580000, 0x00000000e0000000)
  object space 202240K, 99% used [0x00000000a0000000,0x00000000ac543570,0x00000000ac580000)
 Metaspace       used 106263K, capacity 109918K, committed 111528K, reserved 1146880K
  class space    used 13308K, capacity 14049K, committed 14504K, reserved 1048576K
GC Heap History (10 events):
Event: 8857.418 GC heap before
{Heap before GC invocations=42 (full 4):
 PSYoungGen      total 213504K, used 213502K [0x00000000e0000000, 0x00000000f4800000, 0x0000000100000000)
  eden space 155136K, 100% used [0x00000000e0000000,0x00000000e9780000,0x00000000e9780000)
  from space 58368K, 99% used [0x00000000e9780000,0x00000000ed07f9f8,0x00000000ed080000)
  to   space 78336K, 0% used [0x00000000efb80000,0x00000000efb80000,0x00000000f4800000)
 ParOldGen       total 202240K, used 115741K [0x00000000a0000000, 0x00000000ac580000, 0x00000000e0000000)
  object space 202240K, 57% used [0x00000000a0000000,0x00000000a7107728,0x00000000ac580000)
 Metaspace       used 106295K, capacity 110374K, committed 111272K, reserved 1146880K
  class space    used 13470K, capacity 14284K, committed 14504K, reserved 1048576K
Event: 8857.634 GC heap after
Heap after GC invocations=42 (full 4):
 PSYoungGen      total 225792K, used 78320K [0x00000000e0000000, 0x00000000f8a80000, 0x0000000100000000)
  eden space 147456K, 0% used [0x00000000e0000000,0x00000000e0000000,0x00000000e9000000)
  from space 78336K, 99% used [0x00000000efb80000,0x00000000f47fc348,0x00000000f4800000)
  to   space 110080K, 0% used [0x00000000e9000000,0x00000000e9000000,0x00000000efb80000)
 ParOldGen       total 202240K, used 166249K [0x00000000a0000000, 0x00000000ac580000, 0x00000000e0000000)
  object space 202240K, 82% used [0x00000000a0000000,0x00000000aa25a678,0x00000000ac580000)
 Metaspace       used 106295K, capacity 110374K, committed 111272K, reserved 1146880K
  class space    used 13470K, capacity 14284K, committed 14504K, reserved 1048576K
}
Event: 8857.634 GC heap before
{Heap before GC invocations=43 (full 5):
 PSYoungGen      total 225792K, used 78320K [0x00000000e0000000, 0x00000000f8a80000, 0x0000000100000000)
  eden space 147456K, 0% used [0x00000000e0000000,0x00000000e0000000,0x00000000e9000000)
  from space 78336K, 99% used [0x00000000efb80000,0x00000000f47fc348,0x00000000f4800000)
  to   space 110080K, 0% used [0x00000000e9000000,0x00000000e9000000,0x00000000efb80000)
 ParOldGen       total 202240K, used 166249K [0x00000000a0000000, 0x00000000ac580000, 0x00000000e0000000)
  object space 202240K, 82% used [0x00000000a0000000,0x00000000aa25a678,0x00000000ac580000)
 Metaspace       used 106295K, capacity 110374K, committed 111272K, reserved 1146880K
  class space    used 13470K, capacity 14284K, committed 14504K, reserved 1048576K
Event: 8859.463 GC heap after
Heap after GC invocations=43 (full 5):
 PSYoungGen      total 225792K, used 0K [0x00000000e0000000, 0x00000000f8a80000, 0x0000000100000000)
  eden space 147456K, 0% used [0x00000000e0000000,0x00000000e0000000,0x00000000e9000000)
  from space 78336K, 0% used [0x00000000efb80000,0x00000000efb80000,0x00000000f4800000)
  to   space 110080K, 0% used [0x00000000e9000000,0x00000000e9000000,0x00000000efb80000)
 ParOldGen       total 202240K, used 191837K [0x00000000a0000000, 0x00000000ac580000, 0x00000000e0000000)
  object space 202240K, 94% used [0x00000000a0000000,0x00000000abb576e0,0x00000000ac580000)
 Metaspace       used 105065K, capacity 108692K, committed 111272K, reserved 1146880K
  class space    used 13284K, capacity 14036K, committed 14504K, reserved 1048576K
}
Event: 8861.008 GC heap before
{Heap before GC invocations=44 (full 6):
 PSYoungGen      total 225792K, used 147456K [0x00000000e0000000, 0x00000000f8a80000, 0x0000000100000000)
  eden space 147456K, 100% used [0x00000000e0000000,0x00000000e9000000,0x00000000e9000000)
  from space 78336K, 0% used [0x00000000efb80000,0x00000000efb80000,0x00000000f4800000)
  to   space 110080K, 0% used [0x00000000e9000000,0x00000000e9000000,0x00000000efb80000)
 ParOldGen       total 202240K, used 191837K [0x00000000a0000000, 0x00000000ac580000, 0x00000000e0000000)
  object space 202240K, 94% used [0x00000000a0000000,0x00000000abb576e0,0x00000000ac580000)
 Metaspace       used 105405K, capacity 109090K, committed 111272K, reserved 1146880K
  class space    used 13306K, capacity 14057K, committed 14504K, reserved 1048576K
Event: 8861.799 GC heap after
Heap after GC invocations=44 (full 6):
 PSYoungGen      total 225792K, used 0K [0x00000000e0000000, 0x00000000f8a80000, 0x0000000100000000)
  eden space 147456K, 0% used [0x00000000e0000000,0x00000000e0000000,0x00000000e9000000)
  from space 78336K, 0% used [0x00000000efb80000,0x00000000efb80000,0x00000000f4800000)
  to   space 110080K, 0% used [0x00000000e9000000,0x00000000e9000000,0x00000000efb80000)
 ParOldGen       total 202240K, used 190506K [0x00000000a0000000, 0x00000000ac580000, 0x00000000e0000000)
  object space 202240K, 94% used [0x00000000a0000000,0x00000000aba0a940,0x00000000ac580000)
 Metaspace       used 105212K, capacity 108798K, committed 111272K, reserved 1146880K
  class space    used 13277K, capacity 13999K, committed 14504K, reserved 1048576K
}
Event: 8862.829 GC heap before
{Heap before GC invocations=45 (full 7):
 PSYoungGen      total 225792K, used 147456K [0x00000000e0000000, 0x00000000f8a80000, 0x0000000100000000)
  eden space 147456K, 100% used [0x00000000e0000000,0x00000000e9000000,0x00000000e9000000)
  from space 78336K, 0% used [0x00000000efb80000,0x00000000efb80000,0x00000000f4800000)
  to   space 110080K, 0% used [0x00000000e9000000,0x00000000e9000000,0x00000000efb80000)
 ParOldGen       total 202240K, used 190506K [0x00000000a0000000, 0x00000000ac580000, 0x00000000e0000000)
  object space 202240K, 94% used [0x00000000a0000000,0x00000000aba0a940,0x00000000ac580000)
 Metaspace       used 105844K, capacity 109520K, committed 111272K, reserved 1146880K
  class space    used 13294K, capacity 14038K, committed 14504K, reserved 1048576K
Event: 8864.557 GC heap after
Heap after GC invocations=45 (full 7):
 PSYoungGen      total 225792K, used 1126K [0x00000000e0000000, 0x00000000f8a80000, 0x0000000100000000)
  eden space 147456K, 0% used [0x00000000e0000000,0x00000000e0119ac0,0x00000000e9000000)
  from space 78336K, 0% used [0x00000000efb80000,0x00000000efb80000,0x00000000f4800000)
  to   space 110080K, 0% used [0x00000000e9000000,0x00000000e9000000,0x00000000efb80000)
 ParOldGen       total 202240K, used 202233K [0x00000000a0000000, 0x00000000ac580000, 0x00000000e0000000)
  object space 202240K, 99% used [0x00000000a0000000,0x00000000ac57e700,0x00000000ac580000)
 Metaspace       used 105844K, capacity 109520K, committed 111272K, reserved 1146880K
  class space    used 13294K, capacity 14038K, committed 14504K, reserved 1048576K
}
Event: 8865.261 GC heap before
{Heap before GC invocations=46 (full 8):
 PSYoungGen      total 225792K, used 147423K [0x00000000e0000000, 0x00000000f8a80000, 0x0000000100000000)
  eden space 147456K, 99% used [0x00000000e0000000,0x00000000e8ff7cf8,0x00000000e9000000)
  from space 78336K, 0% used [0x00000000efb80000,0x00000000efb80000,0x00000000f4800000)
  to   space 110080K, 0% used [0x00000000e9000000,0x00000000e9000000,0x00000000efb80000)
 ParOldGen       total 202240K, used 202233K [0x00000000a0000000, 0x00000000ac580000, 0x00000000e0000000)
  object space 202240K, 99% used [0x00000000a0000000,0x00000000ac57e700,0x00000000ac580000)
 Metaspace       used 106150K, capacity 109766K, committed 111272K, reserved 1146880K
  class space    used 13308K, capacity 14049K, committed 14504K, reserved 1048576K
Event: 8866.471 GC heap after
Heap after GC invocations=46 (full 8):
 PSYoungGen      total 225792K, used 4726K [0x00000000e0000000, 0x00000000f8a80000, 0x0000000100000000)
  eden space 147456K, 3% used [0x00000000e0000000,0x00000000e049db70,0x00000000e9000000)
  from space 78336K, 0% used [0x00000000efb80000,0x00000000efb80000,0x00000000f4800000)
  to   space 110080K, 0% used [0x00000000e9000000,0x00000000e9000000,0x00000000efb80000)
 ParOldGen       total 202240K, used 201997K [0x00000000a0000000, 0x00000000ac580000, 0x00000000e0000000)
  object space 202240K, 99% used [0x00000000a0000000,0x00000000ac543570,0x00000000ac580000)
 Metaspace       used 106150K, capacity 109766K, committed 111272K, reserved 1146880K
  class space    used 13308K, capacity 14049K, committed 14504K, reserved 1048576K
}

