# JRE version: OpenJDK Runtime Environment (8.0_202-b03) (build 1.8.0_202-release-1483-b03)
# Java VM: OpenJDK 64-Bit Server VM (25.202-b03 mixed mode windows-amd64 compressed oops)
Heap:
 PSYoungGen      total 98304K, used 72736K [0x00000000e0000000, 0x00000000eaf00000, 0x0000000100000000)
  eden space 87040K, 83% used [0x00000000e0000000,0x00000000e4708080,0x00000000e5500000)
  from space 11264K, 0% used [0x00000000e5500000,0x00000000e5500000,0x00000000e6000000)
  to   space 11776K, 0% used [0x00000000ea380000,0x00000000ea380000,0x00000000eaf00000)
 ParOldGen       total 121856K, used 15936K [0x00000000a0000000, 0x00000000a7700000, 0x00000000e0000000)
  object space 121856K, 13% used [0x00000000a0000000,0x00000000a0f903b0,0x00000000a7700000)
 Metaspace       used 37931K, capacity 38762K, committed 38912K, reserved 1083392K
  class space    used 5117K, capacity 5349K, committed 5376K, reserved 1048576K
GC Heap History (10 events):
Event: 12.339 GC heap before
{Heap before GC invocations=5 (full 1):
 PSYoungGen      total 56832K, used 7664K [0x00000000e0000000, 0x00000000e3f00000, 0x0000000100000000)
  eden space 49152K, 0% used [0x00000000e0000000,0x00000000e0000000,0x00000000e3000000)
  from space 7680K, 99% used [0x00000000e3780000,0x00000000e3efc060,0x00000000e3f00000)
  to   space 7680K, 0% used [0x00000000e3000000,0x00000000e3000000,0x00000000e3780000)
 ParOldGen       total 130048K, used 4815K [0x00000000a0000000, 0x00000000a7f00000, 0x00000000e0000000)
  object space 130048K, 3% used [0x00000000a0000000,0x00000000a04b3fb8,0x00000000a7f00000)
 Metaspace       used 20655K, capacity 21142K, committed 21296K, reserved 1067008K
  class space    used 2964K, capacity 3121K, committed 3200K, reserved 1048576K
Event: 12.384 GC heap after
Heap after GC invocations=5 (full 1):
 PSYoungGen      total 56832K, used 0K [0x00000000e0000000, 0x00000000e3f00000, 0x0000000100000000)
  eden space 49152K, 0% used [0x00000000e0000000,0x00000000e0000000,0x00000000e3000000)
  from space 7680K, 0% used [0x00000000e3780000,0x00000000e3780000,0x00000000e3f00000)
  to   space 7680K, 0% used [0x00000000e3000000,0x00000000e3000000,0x00000000e3780000)
 ParOldGen       total 79872K, used 9959K [0x00000000a0000000, 0x00000000a4e00000, 0x00000000e0000000)
  object space 79872K, 12% used [0x00000000a0000000,0x00000000a09b9ee8,0x00000000a4e00000)
 Metaspace       used 20655K, capacity 21142K, committed 21296K, reserved 1067008K
  class space    used 2964K, capacity 3121K, committed 3200K, reserved 1048576K
}
Event: 14.088 GC heap before
{Heap before GC invocations=6 (full 1):
 PSYoungGen      total 56832K, used 48863K [0x00000000e0000000, 0x00000000e3f00000, 0x0000000100000000)
  eden space 49152K, 99% used [0x00000000e0000000,0x00000000e2fb7fc0,0x00000000e3000000)
  from space 7680K, 0% used [0x00000000e3780000,0x00000000e3780000,0x00000000e3f00000)
  to   space 7680K, 0% used [0x00000000e3000000,0x00000000e3000000,0x00000000e3780000)
 ParOldGen       total 79872K, used 9959K [0x00000000a0000000, 0x00000000a4e00000, 0x00000000e0000000)
  object space 79872K, 12% used [0x00000000a0000000,0x00000000a09b9ee8,0x00000000a4e00000)
 Metaspace       used 27940K, capacity 28498K, committed 28800K, reserved 1075200K
  class space    used 3730K, capacity 3903K, committed 3968K, reserved 1048576K
Event: 14.135 GC heap after
Heap after GC invocations=6 (full 1):
 PSYoungGen      total 56832K, used 7660K [0x00000000e0000000, 0x00000000e6c00000, 0x0000000100000000)
  eden space 49152K, 0% used [0x00000000e0000000,0x00000000e0000000,0x00000000e3000000)
  from space 7680K, 99% used [0x00000000e3000000,0x00000000e377b0e0,0x00000000e3780000)
  to   space 11776K, 0% used [0x00000000e6080000,0x00000000e6080000,0x00000000e6c00000)
 ParOldGen       total 79872K, used 10649K [0x00000000a0000000, 0x00000000a4e00000, 0x00000000e0000000)
  object space 79872K, 13% used [0x00000000a0000000,0x00000000a0a66620,0x00000000a4e00000)
 Metaspace       used 27940K, capacity 28498K, committed 28800K, reserved 1075200K
  class space    used 3730K, capacity 3903K, committed 3968K, reserved 1048576K
}
Event: 15.368 GC heap before
{Heap before GC invocations=7 (full 1):
 PSYoungGen      total 56832K, used 56812K [0x00000000e0000000, 0x00000000e6c00000, 0x0000000100000000)
  eden space 49152K, 100% used [0x00000000e0000000,0x00000000e3000000,0x00000000e3000000)
  from space 7680K, 99% used [0x00000000e3000000,0x00000000e377b0e0,0x00000000e3780000)
  to   space 11776K, 0% used [0x00000000e6080000,0x00000000e6080000,0x00000000e6c00000)
 ParOldGen       total 79872K, used 10649K [0x00000000a0000000, 0x00000000a4e00000, 0x00000000e0000000)
  object space 79872K, 13% used [0x00000000a0000000,0x00000000a0a66620,0x00000000a4e00000)
 Metaspace       used 31664K, capacity 32224K, committed 32384K, reserved 1077248K
  class space    used 4254K, capacity 4457K, committed 4480K, reserved 1048576K
Event: 15.381 GC heap after
Heap after GC invocations=7 (full 1):
 PSYoungGen      total 97792K, used 8294K [0x00000000e0000000, 0x00000000e6b00000, 0x0000000100000000)
  eden space 87040K, 0% used [0x00000000e0000000,0x00000000e0000000,0x00000000e5500000)
  from space 10752K, 77% used [0x00000000e6080000,0x00000000e6899bc0,0x00000000e6b00000)
  to   space 11264K, 0% used [0x00000000e5500000,0x00000000e5500000,0x00000000e6000000)
 ParOldGen       total 79872K, used 10657K [0x00000000a0000000, 0x00000000a4e00000, 0x00000000e0000000)
  object space 79872K, 13% used [0x00000000a0000000,0x00000000a0a68620,0x00000000a4e00000)
 Metaspace       used 31664K, capacity 32224K, committed 32384K, reserved 1077248K
  class space    used 4254K, capacity 4457K, committed 4480K, reserved 1048576K
}
Event: 16.316 GC heap before
{Heap before GC invocations=8 (full 1):
 PSYoungGen      total 97792K, used 56236K [0x00000000e0000000, 0x00000000e6b00000, 0x0000000100000000)
  eden space 87040K, 55% used [0x00000000e0000000,0x00000000e2ed15a8,0x00000000e5500000)
  from space 10752K, 77% used [0x00000000e6080000,0x00000000e6899bc0,0x00000000e6b00000)
  to   space 11264K, 0% used [0x00000000e5500000,0x00000000e5500000,0x00000000e6000000)
 ParOldGen       total 79872K, used 10657K [0x00000000a0000000, 0x00000000a4e00000, 0x00000000e0000000)
  object space 79872K, 13% used [0x00000000a0000000,0x00000000a0a68620,0x00000000a4e00000)
 Metaspace       used 34664K, capacity 35318K, committed 35496K, reserved 1079296K
  class space    used 4584K, capacity 4783K, committed 4864K, reserved 1048576K
Event: 16.333 GC heap after
Heap after GC invocations=8 (full 1):
 PSYoungGen      total 98304K, used 9289K [0x00000000e0000000, 0x00000000eaf00000, 0x0000000100000000)
  eden space 87040K, 0% used [0x00000000e0000000,0x00000000e0000000,0x00000000e5500000)
  from space 11264K, 82% used [0x00000000e5500000,0x00000000e5e125a8,0x00000000e6000000)
  to   space 11776K, 0% used [0x00000000ea380000,0x00000000ea380000,0x00000000eaf00000)
 ParOldGen       total 79872K, used 10665K [0x00000000a0000000, 0x00000000a4e00000, 0x00000000e0000000)
  object space 79872K, 13% used [0x00000000a0000000,0x00000000a0a6a620,0x00000000a4e00000)
 Metaspace       used 34664K, capacity 35318K, committed 35496K, reserved 1079296K
  class space    used 4584K, capacity 4783K, committed 4864K, reserved 1048576K
}
Event: 16.334 GC heap before
{Heap before GC invocations=9 (full 2):
 PSYoungGen      total 98304K, used 9289K [0x00000000e0000000, 0x00000000eaf00000, 0x0000000100000000)
  eden space 87040K, 0% used [0x00000000e0000000,0x00000000e0000000,0x00000000e5500000)
  from space 11264K, 82% used [0x00000000e5500000,0x00000000e5e125a8,0x00000000e6000000)
  to   space 11776K, 0% used [0x00000000ea380000,0x00000000ea380000,0x00000000eaf00000)
 ParOldGen       total 79872K, used 10665K [0x00000000a0000000, 0x00000000a4e00000, 0x00000000e0000000)
  object space 79872K, 13% used [0x00000000a0000000,0x00000000a0a6a620,0x00000000a4e00000)
 Metaspace       used 34664K, capacity 35318K, committed 35496K, reserved 1079296K
  class space    used 4584K, capacity 4783K, committed 4864K, reserved 1048576K
Event: 16.454 GC heap after
Heap after GC invocations=9 (full 2):
 PSYoungGen      total 98304K, used 0K [0x00000000e0000000, 0x00000000eaf00000, 0x0000000100000000)
  eden space 87040K, 0% used [0x00000000e0000000,0x00000000e0000000,0x00000000e5500000)
  from space 11264K, 0% used [0x00000000e5500000,0x00000000e5500000,0x00000000e6000000)
  to   space 11776K, 0% used [0x00000000ea380000,0x00000000ea380000,0x00000000eaf00000)
 ParOldGen       total 121856K, used 15936K [0x00000000a0000000, 0x00000000a7700000, 0x00000000e0000000)
  object space 121856K, 13% used [0x00000000a0000000,0x00000000a0f903b0,0x00000000a7700000)
 Metaspace       used 34618K, capacity 35218K, committed 35496K, reserved 1079296K
  class space    used 4573K, capacity 4771K, committed 4864K, reserved 1048576K
}

