# JRE version: OpenJDK Runtime Environment (8.0_202-b03) (build 1.8.0_202-release-1483-b03)
# Java VM: OpenJDK 64-Bit Server VM (25.202-b03 mixed mode windows-amd64 compressed oops)
Heap:
 PSYoungGen      total 118272K, used 3583K [0x00000000e0000000, 0x00000000e8a80000, 0x0000000100000000)
  eden space 104448K, 0% used [0x00000000e0000000,0x00000000e0000000,0x00000000e6600000)
  from space 13824K, 25% used [0x00000000e7d00000,0x00000000e807fce0,0x00000000e8a80000)
  to   space 15872K, 0% used [0x00000000e6b80000,0x00000000e6b80000,0x00000000e7b00000)
 ParOldGen       total 84992K, used 35204K [0x00000000a0000000, 0x00000000a5300000, 0x00000000e0000000)
  object space 84992K, 41% used [0x00000000a0000000,0x00000000a2261198,0x00000000a5300000)
 Metaspace       used 57332K, capacity 59004K, committed 59096K, reserved 1099776K
  class space    used 7730K, capacity 8134K, committed 8192K, reserved 1048576K
GC Heap History (10 events):
Event: 15.014 GC heap after
Heap after GC invocations=10 (full 2):
 PSYoungGen      total 90112K, used 0K [0x00000000e0000000, 0x00000000e9700000, 0x0000000100000000)
  eden space 76800K, 0% used [0x00000000e0000000,0x00000000e0000000,0x00000000e4b00000)
  from space 13312K, 0% used [0x00000000e8a00000,0x00000000e8a00000,0x00000000e9700000)
  to   space 12288K, 0% used [0x00000000e4b00000,0x00000000e4b00000,0x00000000e5700000)
 ParOldGen       total 84992K, used 16284K [0x00000000a0000000, 0x00000000a5300000, 0x00000000e0000000)
  object space 84992K, 19% used [0x00000000a0000000,0x00000000a0fe72c8,0x00000000a5300000)
 Metaspace       used 34672K, capacity 35366K, committed 35456K, reserved 1079296K
  class space    used 4803K, capacity 4989K, committed 4992K, reserved 1048576K
}
Event: 16.752 GC heap before
{Heap before GC invocations=11 (full 2):
 PSYoungGen      total 90112K, used 76800K [0x00000000e0000000, 0x00000000e9700000, 0x0000000100000000)
  eden space 76800K, 100% used [0x00000000e0000000,0x00000000e4b00000,0x00000000e4b00000)
  from space 13312K, 0% used [0x00000000e8a00000,0x00000000e8a00000,0x00000000e9700000)
  to   space 12288K, 0% used [0x00000000e4b00000,0x00000000e4b00000,0x00000000e5700000)
 ParOldGen       total 84992K, used 16284K [0x00000000a0000000, 0x00000000a5300000, 0x00000000e0000000)
  object space 84992K, 19% used [0x00000000a0000000,0x00000000a0fe72c8,0x00000000a5300000)
 Metaspace       used 41582K, capacity 42724K, committed 42880K, reserved 1085440K
  class space    used 5638K, capacity 5932K, committed 6016K, reserved 1048576K
Event: 16.760 GC heap after
Heap after GC invocations=11 (full 2):
 PSYoungGen      total 89088K, used 11056K [0x00000000e0000000, 0x00000000e8a80000, 0x0000000100000000)
  eden space 76800K, 0% used [0x00000000e0000000,0x00000000e0000000,0x00000000e4b00000)
  from space 12288K, 89% used [0x00000000e4b00000,0x00000000e55cc2e8,0x00000000e5700000)
  to   space 13824K, 0% used [0x00000000e7d00000,0x00000000e7d00000,0x00000000e8a80000)
 ParOldGen       total 84992K, used 16292K [0x00000000a0000000, 0x00000000a5300000, 0x00000000e0000000)
  object space 84992K, 19% used [0x00000000a0000000,0x00000000a0fe92c8,0x00000000a5300000)
 Metaspace       used 41582K, capacity 42724K, committed 42880K, reserved 1085440K
  class space    used 5638K, capacity 5932K, committed 6016K, reserved 1048576K
}
Event: 17.752 GC heap before
{Heap before GC invocations=12 (full 2):
 PSYoungGen      total 89088K, used 87856K [0x00000000e0000000, 0x00000000e8a80000, 0x0000000100000000)
  eden space 76800K, 100% used [0x00000000e0000000,0x00000000e4b00000,0x00000000e4b00000)
  from space 12288K, 89% used [0x00000000e4b00000,0x00000000e55cc2e8,0x00000000e5700000)
  to   space 13824K, 0% used [0x00000000e7d00000,0x00000000e7d00000,0x00000000e8a80000)
 ParOldGen       total 84992K, used 16292K [0x00000000a0000000, 0x00000000a5300000, 0x00000000e0000000)
  object space 84992K, 19% used [0x00000000a0000000,0x00000000a0fe92c8,0x00000000a5300000)
 Metaspace       used 47313K, capacity 48582K, committed 48768K, reserved 1091584K
  class space    used 6355K, capacity 6690K, committed 6784K, reserved 1048576K
Event: 17.764 GC heap after
Heap after GC invocations=12 (full 2):
 PSYoungGen      total 118272K, used 13801K [0x00000000e0000000, 0x00000000e8a80000, 0x0000000100000000)
  eden space 104448K, 0% used [0x00000000e0000000,0x00000000e0000000,0x00000000e6600000)
  from space 13824K, 99% used [0x00000000e7d00000,0x00000000e8a7a438,0x00000000e8a80000)
  to   space 15872K, 0% used [0x00000000e6b80000,0x00000000e6b80000,0x00000000e7b00000)
 ParOldGen       total 84992K, used 18192K [0x00000000a0000000, 0x00000000a5300000, 0x00000000e0000000)
  object space 84992K, 21% used [0x00000000a0000000,0x00000000a11c4028,0x00000000a5300000)
 Metaspace       used 47313K, capacity 48582K, committed 48768K, reserved 1091584K
  class space    used 6355K, capacity 6690K, committed 6784K, reserved 1048576K
}
Event: 19.159 GC heap before
{Heap before GC invocations=13 (full 2):
 PSYoungGen      total 118272K, used 118249K [0x00000000e0000000, 0x00000000e8a80000, 0x0000000100000000)
  eden space 104448K, 100% used [0x00000000e0000000,0x00000000e6600000,0x00000000e6600000)
  from space 13824K, 99% used [0x00000000e7d00000,0x00000000e8a7a438,0x00000000e8a80000)
  to   space 15872K, 0% used [0x00000000e6b80000,0x00000000e6b80000,0x00000000e7b00000)
 ParOldGen       total 84992K, used 18192K [0x00000000a0000000, 0x00000000a5300000, 0x00000000e0000000)
  object space 84992K, 21% used [0x00000000a0000000,0x00000000a11c4028,0x00000000a5300000)
 Metaspace       used 54780K, capacity 56512K, committed 56832K, reserved 1097728K
  class space    used 7415K, capacity 7867K, committed 7936K, reserved 1048576K
Event: 19.179 GC heap after
Heap after GC invocations=13 (full 2):
 PSYoungGen      total 120320K, used 12119K [0x00000000e0000000, 0x00000000e8a80000, 0x0000000100000000)
  eden space 104448K, 0% used [0x00000000e0000000,0x00000000e0000000,0x00000000e6600000)
  from space 15872K, 76% used [0x00000000e6b80000,0x00000000e7755dd0,0x00000000e7b00000)
  to   space 13824K, 0% used [0x00000000e7d00000,0x00000000e7d00000,0x00000000e8a80000)
 ParOldGen       total 84992K, used 29400K [0x00000000a0000000, 0x00000000a5300000, 0x00000000e0000000)
  object space 84992K, 34% used [0x00000000a0000000,0x00000000a1cb6148,0x00000000a5300000)
 Metaspace       used 54780K, capacity 56512K, committed 56832K, reserved 1097728K
  class space    used 7415K, capacity 7867K, committed 7936K, reserved 1048576K
}
Event: 19.668 GC heap before
{Heap before GC invocations=14 (full 2):
 PSYoungGen      total 120320K, used 54885K [0x00000000e0000000, 0x00000000e8a80000, 0x0000000100000000)
  eden space 104448K, 40% used [0x00000000e0000000,0x00000000e29c36b8,0x00000000e6600000)
  from space 15872K, 76% used [0x00000000e6b80000,0x00000000e7755dd0,0x00000000e7b00000)
  to   space 13824K, 0% used [0x00000000e7d00000,0x00000000e7d00000,0x00000000e8a80000)
 ParOldGen       total 84992K, used 29400K [0x00000000a0000000, 0x00000000a5300000, 0x00000000e0000000)
  object space 84992K, 34% used [0x00000000a0000000,0x00000000a1cb6148,0x00000000a5300000)
 Metaspace       used 57332K, capacity 59004K, committed 59096K, reserved 1099776K
  class space    used 7730K, capacity 8134K, committed 8192K, reserved 1048576K
Event: 19.678 GC heap after
Heap after GC invocations=14 (full 2):
 PSYoungGen      total 118272K, used 3583K [0x00000000e0000000, 0x00000000e8a80000, 0x0000000100000000)
  eden space 104448K, 0% used [0x00000000e0000000,0x00000000e0000000,0x00000000e6600000)
  from space 13824K, 25% used [0x00000000e7d00000,0x00000000e807fce0,0x00000000e8a80000)
  to   space 15872K, 0% used [0x00000000e6b80000,0x00000000e6b80000,0x00000000e7b00000)
 ParOldGen       total 84992K, used 35204K [0x00000000a0000000, 0x00000000a5300000, 0x00000000e0000000)
  object space 84992K, 41% used [0x00000000a0000000,0x00000000a2261198,0x00000000a5300000)
 Metaspace       used 57332K, capacity 59004K, committed 59096K, reserved 1099776K
  class space    used 7730K, capacity 8134K, committed 8192K, reserved 1048576K
}
Event: 19.678 GC heap before
{Heap before GC invocations=15 (full 3):
 PSYoungGen      total 118272K, used 3583K [0x00000000e0000000, 0x00000000e8a80000, 0x0000000100000000)
  eden space 104448K, 0% used [0x00000000e0000000,0x00000000e0000000,0x00000000e6600000)
  from space 13824K, 25% used [0x00000000e7d00000,0x00000000e807fce0,0x00000000e8a80000)
  to   space 15872K, 0% used [0x00000000e6b80000,0x00000000e6b80000,0x00000000e7b00000)
 ParOldGen       total 84992K, used 35204K [0x00000000a0000000, 0x00000000a5300000, 0x00000000e0000000)
  object space 84992K, 41% used [0x00000000a0000000,0x00000000a2261198,0x00000000a5300000)
 Metaspace       used 57332K, capacity 59004K, committed 59096K, reserved 1099776K
  class space    used 7730K, capacity 8134K, committed 8192K, reserved 1048576K

